2025-11-25 00:25:29.032 | INFO  | background-preinit | o.h.validator.internal.util.Version | HV000001: Hibernate Validator 8.0.1.Final
2025-11-25 00:25:29.084 | INFO  | main | c.e.w.WebTestingIaApplication | Starting WebTestingIaApplication using Java 17.0.16 with PID 22000 (C:\Users\Mari\Documents\Testing con IA\web-testing-ia\build\classes\java\main started by Mari in C:\Users\Mari\Documents\Testing con IA\web-testing-ia)
2025-11-25 00:25:29.084 | DEBUG | main | c.e.w.WebTestingIaApplication | Running with Spring Boot v3.2.5, Spring v6.1.6
2025-11-25 00:25:29.084 | INFO  | main | c.e.w.WebTestingIaApplication | No active profile set, falling back to 1 default profile: "default"
2025-11-25 00:25:30.306 | INFO  | main | o.s.b.w.e.tomcat.TomcatWebServer | Tomcat initialized with port 9090 (http)
2025-11-25 00:25:30.317 | INFO  | main | o.a.coyote.http11.Http11NioProtocol | Initializing ProtocolHandler ["http-nio-9090"]
2025-11-25 00:25:30.317 | INFO  | main | o.a.catalina.core.StandardService | Starting service [Tomcat]
2025-11-25 00:25:30.317 | INFO  | main | o.a.catalina.core.StandardEngine | Starting Servlet engine: [Apache Tomcat/10.1.20]
2025-11-25 00:25:30.370 | INFO  | main | o.a.c.c.C.[Tomcat].[localhost].[/] | Initializing Spring embedded WebApplicationContext
2025-11-25 00:25:30.370 | INFO  | main | o.s.b.w.s.c.ServletWebServerApplicationContext | Root WebApplicationContext: initialization completed in 1097 ms
2025-11-25 00:25:30.533 | WARN  | main | o.s.b.w.s.c.AnnotationConfigServletWebServerApplicationContext | Exception encountered during context initialization - cancelling refresh attempt: org.springframework.beans.factory.BeanCreationException: Error creating bean with name 'requestMappingHandlerMapping' defined in class path resource [org/springframework/boot/autoconfigure/web/servlet/WebMvcAutoConfiguration$EnableWebMvcConfiguration.class]: When allowCredentials is true, allowedOrigins cannot contain the special value "*" since that cannot be set on the "Access-Control-Allow-Origin" response header. To allow credentials to a set of origins, list them explicitly or consider using "allowedOriginPatterns" instead.
2025-11-25 00:25:30.534 | INFO  | main | o.a.catalina.core.StandardService | Stopping service [Tomcat]
2025-11-25 00:25:30.582 | INFO  | main | o.s.b.a.l.ConditionEvaluationReportLogger | 

Error starting ApplicationContext. To display the condition evaluation report re-run your application with 'debug' enabled.
2025-11-25 00:25:30.603 | ERROR | main | o.s.boot.SpringApplication | Application run failed
org.springframework.beans.factory.BeanCreationException: Error creating bean with name 'requestMappingHandlerMapping' defined in class path resource [org/springframework/boot/autoconfigure/web/servlet/WebMvcAutoConfiguration$EnableWebMvcConfiguration.class]: When allowCredentials is true, allowedOrigins cannot contain the special value "*" since that cannot be set on the "Access-Control-Allow-Origin" response header. To allow credentials to a set of origins, list them explicitly or consider using "allowedOriginPatterns" instead.
	at org.springframework.beans.factory.support.AbstractAutowireCapableBeanFactory.initializeBean(AbstractAutowireCapableBeanFactory.java:1786)
	at org.springframework.beans.factory.support.AbstractAutowireCapableBeanFactory.doCreateBean(AbstractAutowireCapableBeanFactory.java:600)
	at org.springframework.beans.factory.support.AbstractAutowireCapableBeanFactory.createBean(AbstractAutowireCapableBeanFactory.java:522)
	at org.springframework.beans.factory.support.AbstractBeanFactory.lambda$doGetBean$0(AbstractBeanFactory.java:326)
	at org.springframework.beans.factory.support.DefaultSingletonBeanRegistry.getSingleton(DefaultSingletonBeanRegistry.java:234)
	at org.springframework.beans.factory.support.AbstractBeanFactory.doGetBean(AbstractBeanFactory.java:324)
	at org.springframework.beans.factory.support.AbstractBeanFactory.getBean(AbstractBeanFactory.java:200)
	at org.springframework.beans.factory.support.DefaultListableBeanFactory.preInstantiateSingletons(DefaultListableBeanFactory.java:975)
	at org.springframework.context.support.AbstractApplicationContext.finishBeanFactoryInitialization(AbstractApplicationContext.java:962)
	at org.springframework.context.support.AbstractApplicationContext.refresh(AbstractApplicationContext.java:624)
	at org.springframework.boot.web.servlet.context.ServletWebServerApplicationContext.refresh(ServletWebServerApplicationContext.java:146)
	at org.springframework.boot.SpringApplication.refresh(SpringApplication.java:754)
	at org.springframework.boot.SpringApplication.refreshContext(SpringApplication.java:456)
	at org.springframework.boot.SpringApplication.run(SpringApplication.java:334)
	at org.springframework.boot.SpringApplication.run(SpringApplication.java:1354)
	at org.springframework.boot.SpringApplication.run(SpringApplication.java:1343)
	at com.example.webtestingia.WebTestingIaApplication.main(WebTestingIaApplication.java:18)
Caused by: java.lang.IllegalArgumentException: When allowCredentials is true, allowedOrigins cannot contain the special value "*" since that cannot be set on the "Access-Control-Allow-Origin" response header. To allow credentials to a set of origins, list them explicitly or consider using "allowedOriginPatterns" instead.
	at org.springframework.web.cors.CorsConfiguration.validateAllowCredentials(CorsConfiguration.java:572)
	at org.springframework.web.servlet.handler.AbstractHandlerMethodMapping$MappingRegistry.register(AbstractHandlerMethodMapping.java:654)
	at org.springframework.web.servlet.handler.AbstractHandlerMethodMapping.registerHandlerMethod(AbstractHandlerMethodMapping.java:331)
	at org.springframework.web.servlet.mvc.method.annotation.RequestMappingHandlerMapping.registerHandlerMethod(RequestMappingHandlerMapping.java:508)
	at org.springframework.web.servlet.mvc.method.annotation.RequestMappingHandlerMapping.registerHandlerMethod(RequestMappingHandlerMapping.java:84)
	at org.springframework.web.servlet.handler.AbstractHandlerMethodMapping.lambda$detectHandlerMethods$2(AbstractHandlerMethodMapping.java:298)
	at java.base/java.util.LinkedHashMap.forEach(LinkedHashMap.java:721)
	at org.springframework.web.servlet.handler.AbstractHandlerMethodMapping.detectHandlerMethods(AbstractHandlerMethodMapping.java:296)
	at org.springframework.web.servlet.handler.AbstractHandlerMethodMapping.processCandidateBean(AbstractHandlerMethodMapping.java:265)
	at org.springframework.web.servlet.handler.AbstractHandlerMethodMapping.initHandlerMethods(AbstractHandlerMethodMapping.java:224)
	at org.springframework.web.servlet.handler.AbstractHandlerMethodMapping.afterPropertiesSet(AbstractHandlerMethodMapping.java:212)
	at org.springframework.web.servlet.mvc.method.annotation.RequestMappingHandlerMapping.afterPropertiesSet(RequestMappingHandlerMapping.java:239)
	at org.springframework.beans.factory.support.AbstractAutowireCapableBeanFactory.invokeInitMethods(AbstractAutowireCapableBeanFactory.java:1833)
	at org.springframework.beans.factory.support.AbstractAutowireCapableBeanFactory.initializeBean(AbstractAutowireCapableBeanFactory.java:1782)
	... 16 common frames omitted
2025-11-25 00:40:14.864 | INFO  | background-preinit | o.h.validator.internal.util.Version | HV000001: Hibernate Validator 8.0.1.Final
2025-11-25 00:40:14.898 | INFO  | main | c.e.w.WebTestingIaApplication | Starting WebTestingIaApplication using Java 17.0.16 with PID 20936 (C:\Users\Mari\Documents\Testing con IA\web-testing-ia\build\classes\java\main started by Mari in C:\Users\Mari\Documents\Testing con IA\web-testing-ia)
2025-11-25 00:40:14.898 | DEBUG | main | c.e.w.WebTestingIaApplication | Running with Spring Boot v3.2.5, Spring v6.1.6
2025-11-25 00:40:14.898 | INFO  | main | c.e.w.WebTestingIaApplication | No active profile set, falling back to 1 default profile: "default"
2025-11-25 00:40:15.769 | INFO  | main | o.s.b.w.e.tomcat.TomcatWebServer | Tomcat initialized with port 9090 (http)
2025-11-25 00:40:15.769 | INFO  | main | o.a.coyote.http11.Http11NioProtocol | Initializing ProtocolHandler ["http-nio-9090"]
2025-11-25 00:40:15.769 | INFO  | main | o.a.catalina.core.StandardService | Starting service [Tomcat]
2025-11-25 00:40:15.769 | INFO  | main | o.a.catalina.core.StandardEngine | Starting Servlet engine: [Apache Tomcat/10.1.20]
2025-11-25 00:40:15.833 | INFO  | main | o.a.c.c.C.[Tomcat].[localhost].[/] | Initializing Spring embedded WebApplicationContext
2025-11-25 00:40:15.833 | INFO  | main | o.s.b.w.s.c.ServletWebServerApplicationContext | Root WebApplicationContext: initialization completed in 749 ms
2025-11-25 00:40:16.154 | INFO  | main | o.a.coyote.http11.Http11NioProtocol | Starting ProtocolHandler ["http-nio-9090"]
2025-11-25 00:40:16.169 | INFO  | main | o.s.b.w.e.tomcat.TomcatWebServer | Tomcat started on port 9090 (http) with context path ''
2025-11-25 00:40:16.185 | INFO  | main | c.e.w.WebTestingIaApplication | Started WebTestingIaApplication in 1.571 seconds (process running for 2.011)
